<?xml version="1.0" encoding="UTF-8"?>
<!-- Generated by org.testng.reporters.JUnitReportReporter -->
<testsuite skipped="0" hostname="Home-PC" name="com.selenium.pageobject_test.FixedDeposite_test" tests="1" failures="0" timestamp="2021-06-26T15:03:54 IST" time="17.036" errors="0">
  <testcase name="fd_100000" time="17.036" classname="com.selenium.pageobject_test.FixedDeposite_test"/>
  <system-out>
    <![CDATA[Test Case Passed : fd_100000]]>
  </system-out>
</testsuite> <!-- com.selenium.pageobject_test.FixedDeposite_test -->
