<?xml version="1.0" encoding="UTF-8"?>
<!-- Generated by org.testng.reporters.JUnitReportReporter -->
<testsuite skipped="0" hostname="Home-PC" name="com.selenium.webobject.Code_For_KeyboardHandle_6" tests="1" failures="0" timestamp="2021-06-20T10:40:48 IST" time="24.303" errors="0">
  <testcase name="Code_For_KeyboardHandle_Test" time="24.303" classname="com.selenium.webobject.Code_For_KeyboardHandle_6"/>
  <system-out/>
</testsuite> <!-- com.selenium.webobject.Code_For_KeyboardHandle_6 -->
