<?xml version="1.0" encoding="UTF-8"?>
<!-- Generated by org.testng.reporters.JUnitReportReporter -->
<testsuite skipped="0" hostname="Home-PC" name="com.selenium.webobject.Code_For_MouseHandle_7" tests="1" failures="0" timestamp="2021-06-20T10:43:59 IST" time="29.637" errors="0">
  <testcase name="Code_For_MouseHandle_Test" time="29.637" classname="com.selenium.webobject.Code_For_MouseHandle_7"/>
  <system-out/>
</testsuite> <!-- com.selenium.webobject.Code_For_MouseHandle_7 -->
