<?xml version="1.0" encoding="UTF-8"?>
<!-- Generated by org.testng.reporters.JUnitReportReporter -->
<testsuite skipped="0" hostname="Home-PC" name="com.selenium.pageobject_test.FixedDeposit_DataDriven" tests="1" failures="0" timestamp="2021-06-27T12:46:58 IST" time="74.532" errors="0">
  <testcase name="fd_DataDriven" time="74.532" classname="com.selenium.pageobject_test.FixedDeposit_DataDriven"/>
  <system-out/>
</testsuite> <!-- com.selenium.pageobject_test.FixedDeposit_DataDriven -->
