<?xml version="1.0" encoding="UTF-8"?>
<!-- Generated by org.testng.reporters.JUnitReportReporter -->
<testsuite skipped="0" hostname="Home-PC" name="com.selenium.testng.Waits" tests="1" failures="0" timestamp="2021-06-12T15:36:35 IST" time="39.544" errors="0">
  <testcase name="SynchronisationCode" time="39.544" classname="com.selenium.testng.Waits"/>
  <system-out/>
</testsuite> <!-- com.selenium.testng.Waits -->
