<?xml version="1.0" encoding="UTF-8"?>
<!-- Generated by org.testng.reporters.JUnitReportReporter -->
<testsuite skipped="0" hostname="Home-PC" name="com.selenium.pageobject_test.Hospital_DataDriven" tests="1" failures="0" timestamp="2021-07-03T14:36:12 IST" time="122.139" errors="0">
  <testcase name="login" time="122.139" classname="com.selenium.pageobject_test.Hospital_DataDriven"/>
  <system-out/>
</testsuite> <!-- com.selenium.pageobject_test.Hospital_DataDriven -->
