<?xml version="1.0" encoding="UTF-8"?>
<!-- Generated by org.testng.reporters.JUnitReportReporter -->
<testsuite skipped="0" hostname="Home-PC" name="com.selenium.testng.CrossBrowserUsingWebdriverManager" tests="3" failures="0" timestamp="2021-06-06T12:43:18 IST" time="144.562" errors="0">
  <testcase name="chromeDriver" time="53.687" classname="com.selenium.testng.CrossBrowserUsingWebdriverManager"/>
  <system-out/>
  <testcase name="EdgeDriver" time="54.410" classname="com.selenium.testng.CrossBrowserUsingWebdriverManager"/>
  <system-out/>
  <testcase name="firefoxBrowser" time="36.465" classname="com.selenium.testng.CrossBrowserUsingWebdriverManager"/>
  <system-out/>
</testsuite> <!-- com.selenium.testng.CrossBrowserUsingWebdriverManager -->
