<?xml version="1.0" encoding="UTF-8"?>
<!-- Generated by org.testng.reporters.JUnitReportReporter -->
<testsuite skipped="0" hostname="Home-PC" name="com.selenium.pageobject_test.Calculator_Test" tests="4" failures="0" timestamp="2021-06-26T15:03:54 IST" time="16.282" errors="0">
  <testcase name="addOperation" time="5.519" classname="com.selenium.pageobject_test.Calculator_Test"/>
  <system-out>
    <![CDATA[Test Case Passed : addOperation]]>
  </system-out>
  <testcase name="subOperation" time="3.589" classname="com.selenium.pageobject_test.Calculator_Test"/>
  <system-out>
    <![CDATA[Test Case Passed : subOperation]]>
  </system-out>
  <testcase name="divOperation" time="3.577" classname="com.selenium.pageobject_test.Calculator_Test"/>
  <system-out>
    <![CDATA[Test Case Passed : divOperation]]>
  </system-out>
  <testcase name="mulOperation" time="3.597" classname="com.selenium.pageobject_test.Calculator_Test"/>
  <system-out>
    <![CDATA[Test Case Passed : mulOperation]]>
  </system-out>
</testsuite> <!-- com.selenium.pageobject_test.Calculator_Test -->
