<?xml version="1.0" encoding="UTF-8"?>
<!-- Generated by org.testng.reporters.JUnitReportReporter -->
<testsuite skipped="0" hostname="Home-PC" name="com.selenium.webobject.Code_For_WindowTab_8" tests="2" failures="0" timestamp="2021-06-19T12:32:42 IST" time="26.496" errors="0">
  <testcase name="Tab" time="0.022" classname="com.selenium.webobject.Code_For_WindowTab_8"/>
  <system-out/>
  <testcase name="tabFlipkart" time="26.474" classname="com.selenium.webobject.Code_For_WindowTab_8"/>
  <system-out/>
</testsuite> <!-- com.selenium.webobject.Code_For_WindowTab_8 -->
