<?xml version="1.0" encoding="UTF-8"?>
<!-- Generated by org.testng.reporters.JUnitReportReporter -->
<testsuite skipped="0" hostname="Home-PC" name="com.selenium.webobject.Code_For_CountElements_1" tests="1" failures="0" timestamp="2021-06-13T18:13:21 IST" time="13.602" errors="0">
  <testcase name="CountWebElement" time="13.602" classname="com.selenium.webobject.Code_For_CountElements_1"/>
  <system-out/>
</testsuite> <!-- com.selenium.webobject.Code_For_CountElements_1 -->
