<?xml version="1.0" encoding="UTF-8"?>
<!-- Generated by org.testng.reporters.JUnitReportReporter -->
<testsuite skipped="0" hostname="Home-PC" name="com.selenium.pageobject_test.MathCalculator_DataDriven" tests="4" failures="0" timestamp="2021-07-03T14:37:25 IST" time="37.978" errors="0">
  <testcase name="f" time="11.801" classname="com.selenium.pageobject_test.MathCalculator_DataDriven"/>
  <system-out/>
  <testcase name="f" time="12.087" classname="com.selenium.pageobject_test.MathCalculator_DataDriven"/>
  <system-out/>
  <testcase name="f" time="7.143" classname="com.selenium.pageobject_test.MathCalculator_DataDriven"/>
  <system-out/>
  <testcase name="f" time="6.947" classname="com.selenium.pageobject_test.MathCalculator_DataDriven"/>
  <system-out/>
</testsuite> <!-- com.selenium.pageobject_test.MathCalculator_DataDriven -->
