<?xml version="1.0" encoding="UTF-8"?>
<!-- Generated by org.testng.reporters.JUnitReportReporter -->
<testsuite skipped="0" hostname="Home-PC" name="com.selenium.webobject.Code_For_JavaScriptExecutor_9" tests="1" failures="0" timestamp="2021-06-20T10:53:03 IST" time="34.946" errors="0">
  <testcase name="Code_For_JavaScriptExecutor_Test" time="34.946" classname="com.selenium.webobject.Code_For_JavaScriptExecutor_9"/>
  <system-out/>
</testsuite> <!-- com.selenium.webobject.Code_For_JavaScriptExecutor_9 -->
