<?xml version="1.0" encoding="UTF-8"?>
<!-- Generated by org.testng.reporters.JUnitReportReporter -->
<testsuite skipped="0" hostname="Home-PC" name="com.selenium.pageobject_test.FixedDeposit_TestNG" tests="3" failures="0" timestamp="2021-06-27T13:23:02 IST" time="52.443" errors="0">
  <testcase name="fd" time="40.113" classname="com.selenium.pageobject_test.FixedDeposit_TestNG"/>
  <system-out/>
  <testcase name="fd" time="6.651" classname="com.selenium.pageobject_test.FixedDeposit_TestNG"/>
  <system-out/>
  <testcase name="fd" time="5.679" classname="com.selenium.pageobject_test.FixedDeposit_TestNG"/>
  <system-out/>
</testsuite> <!-- com.selenium.pageobject_test.FixedDeposit_TestNG -->
