<?xml version="1.0" encoding="UTF-8"?>
<!-- Generated by org.testng.reporters.JUnitReportReporter -->
<testsuite skipped="0" hostname="Home-PC" name="com.selenium.testng.PolicyXAssert" tests="1" failures="0" timestamp="2021-06-05T18:26:36 IST" time="5.413" errors="0">
  <testcase name="policyXAssert" time="5.413" classname="com.selenium.testng.PolicyXAssert"/>
  <system-out/>
</testsuite> <!-- com.selenium.testng.PolicyXAssert -->
