<?xml version="1.0" encoding="UTF-8"?>
<!-- Generated by org.testng.reporters.JUnitReportReporter -->
<testsuite skipped="0" hostname="Home-PC" name="com.selenium.testng.AssignmentAssert" tests="1" failures="0" timestamp="2021-06-06T18:52:19 IST" time="23.986" errors="0">
  <testcase name="assignmentAssert" time="23.986" classname="com.selenium.testng.AssignmentAssert"/>
  <system-out/>
</testsuite> <!-- com.selenium.testng.AssignmentAssert -->
