<?xml version="1.0" encoding="UTF-8"?>
<!-- Generated by org.testng.reporters.JUnitReportReporter -->
<testsuite skipped="0" hostname="Home-PC" name="com.selenium.webobject.Code_For_IFrame_3" tests="1" failures="0" timestamp="2021-06-13T18:14:21 IST" time="9.943" errors="0">
  <testcase name="Code_For_IFrame_Test" time="9.943" classname="com.selenium.webobject.Code_For_IFrame_3"/>
  <system-out/>
</testsuite> <!-- com.selenium.webobject.Code_For_IFrame_3 -->
