<?xml version="1.0" encoding="UTF-8"?>
<!-- Generated by org.testng.reporters.JUnitReportReporter -->
<testsuite skipped="0" hostname="Home-PC" name="com.selenium.webobject.Code_For_navigate_4" tests="1" failures="0" timestamp="2021-06-26T15:36:18 IST" time="35.221" errors="0">
  <testcase name="Code_For_navigate" time="35.221" classname="com.selenium.webobject.Code_For_navigate_4"/>
  <system-out>
    <![CDATA[Before Navigate : https://www.selenium.dev/
After Navigate : https://www.selenium.dev/
Navigate before Back event !!!
Navigate after back event !!!
Navigate before forward event !!!
Navigate after forward event !!!
Navigate before Back event !!!
Navigate after back event !!!]]>
  </system-out>
</testsuite> <!-- com.selenium.webobject.Code_For_navigate_4 -->
