<?xml version="1.0" encoding="UTF-8"?>
<!-- Generated by org.testng.reporters.JUnitReportReporter -->
<testsuite skipped="0" hostname="Home-PC" name="com.selenium.pageobject_test.Blaze_Test" tests="1" failures="0" timestamp="2021-06-21T00:42:12 IST" time="8.632" errors="0">
  <testcase name="blazeTest" time="8.632" classname="com.selenium.pageobject_test.Blaze_Test"/>
  <system-out/>
</testsuite> <!-- com.selenium.pageobject_test.Blaze_Test -->
