<?xml version="1.0" encoding="UTF-8"?>
<!-- Generated by org.testng.reporters.JUnitReportReporter -->
<testsuite skipped="0" hostname="Home-PC" name="com.selenium.webobject.Code_For_Alert_2" tests="1" failures="0" timestamp="2021-06-13T18:12:23 IST" time="18.501" errors="0">
  <testcase name="Code_For_Alert_Test" time="18.501" classname="com.selenium.webobject.Code_For_Alert_2"/>
  <system-out/>
</testsuite> <!-- com.selenium.webobject.Code_For_Alert_2 -->
