<?xml version="1.0" encoding="UTF-8"?>
<!-- Generated by org.testng.reporters.JUnitReportReporter -->
<testsuite skipped="0" hostname="Home-PC" name="com.selenium.testng.SoftAssertLogin" tests="2" failures="0" timestamp="2021-06-05T15:35:37 IST" time="6.239" errors="0">
  <testcase name="adminLogin" time="3.861" classname="com.selenium.testng.SoftAssertLogin"/>
  <system-out/>
  <testcase name="adminLogout" time="2.378" classname="com.selenium.testng.SoftAssertLogin"/>
  <system-out/>
</testsuite> <!-- com.selenium.testng.SoftAssertLogin -->
