<?xml version="1.0" encoding="UTF-8"?>
<!-- Generated by org.testng.reporters.JUnitReportReporter -->
<testsuite skipped="0" hostname="Home-PC" name="com.selenium.testng.BasicWebelements" tests="4" failures="0" timestamp="2021-06-13T11:56:48 IST" time="16.676" errors="0">
  <testcase name="handleTextBox" time="13.643" classname="com.selenium.testng.BasicWebelements"/>
  <system-out/>
  <testcase name="handleRadioButton" time="0.176" classname="com.selenium.testng.BasicWebelements"/>
  <system-out/>
  <testcase name="handlecheckBox" time="2.531" classname="com.selenium.testng.BasicWebelements"/>
  <system-out/>
  <testcase name="handleDropdown" time="0.326" classname="com.selenium.testng.BasicWebelements"/>
  <system-out/>
</testsuite> <!-- com.selenium.testng.BasicWebelements -->
