<?xml version="1.0" encoding="UTF-8"?>
<!-- Generated by org.testng.reporters.JUnitReportReporter -->
<testsuite skipped="0" hostname="Home-PC" name="com.selenium.testng.HardAssertCode" tests="2" failures="0" timestamp="2021-06-05T15:15:40 IST" time="6.559" errors="0">
  <testcase name="adminLogin" time="4.527" classname="com.selenium.testng.HardAssertCode"/>
  <system-out/>
  <testcase name="adminLogout" time="2.032" classname="com.selenium.testng.HardAssertCode"/>
  <system-out/>
</testsuite> <!-- com.selenium.testng.HardAssertCode -->
