<?xml version="1.0" encoding="UTF-8"?>
<!-- Generated by org.testng.reporters.JUnitReportReporter -->
<testsuite skipped="0" hostname="Home-PC" name="com.selenium.testng.CrossBrowserTesting" tests="3" failures="0" timestamp="2021-06-06T12:24:46 IST" time="53.031" errors="0">
  <testcase name="chromeDriver" time="13.457" classname="com.selenium.testng.CrossBrowserTesting"/>
  <system-out/>
  <testcase name="EdgeDriver" time="17.726" classname="com.selenium.testng.CrossBrowserTesting"/>
  <system-out/>
  <testcase name="firefoxBrowser" time="21.848" classname="com.selenium.testng.CrossBrowserTesting"/>
  <system-out/>
</testsuite> <!-- com.selenium.testng.CrossBrowserTesting -->
