<?xml version="1.0" encoding="UTF-8"?>
<!-- Generated by org.testng.reporters.JUnitReportReporter -->
<testsuite skipped="0" hostname="Home-PC" name="com.selenium.webobject.Code_For_Screenshot_10" tests="1" failures="0" timestamp="2021-06-20T10:36:13 IST" time="9.693" errors="0">
  <testcase name="Code_For_Screenshot" time="9.693" classname="com.selenium.webobject.Code_For_Screenshot_10"/>
  <system-out/>
</testsuite> <!-- com.selenium.webobject.Code_For_Screenshot_10 -->
