<?xml version="1.0" encoding="UTF-8"?>
<!-- Generated by org.testng.reporters.JUnitReportReporter -->
<testsuite skipped="0" hostname="Home-PC" name="com.selenium.webobject.Code_For_WindowSize_5" tests="1" failures="0" timestamp="2021-06-13T18:18:29 IST" time="3.669" errors="0">
  <testcase name="Code_For_WindowSize" time="3.669" classname="com.selenium.webobject.Code_For_WindowSize_5"/>
  <system-out/>
</testsuite> <!-- com.selenium.webobject.Code_For_WindowSize_5 -->
