<?xml version="1.0" encoding="UTF-8"?>
<!-- Generated by org.testng.reporters.JUnitReportReporter -->
<testsuite skipped="0" hostname="Home-PC" name="com.selenium.testng.TestYouLogin" tests="1" failures="0" timestamp="2021-06-05T10:57:31 IST" time="13.314" errors="0">
  <testcase name="loginYou" time="13.314" classname="com.selenium.testng.TestYouLogin"/>
  <system-out/>
</testsuite> <!-- com.selenium.testng.TestYouLogin -->
