<?xml version="1.0" encoding="UTF-8"?>
<!-- Generated by org.testng.reporters.JUnitReportReporter -->
<testsuite skipped="0" hostname="Home-PC" name="com.selenium.testng.Locators" tests="1" failures="0" timestamp="2021-06-06T14:48:08 IST" time="29.380" errors="0">
  <testcase name="locatorCssSelectorLinktext" time="29.380" classname="com.selenium.testng.Locators"/>
  <system-out/>
</testsuite> <!-- com.selenium.testng.Locators -->
